  pch.cpp
  dllmain.cpp
  matrix.cpp
C:\Users\chubb\OneDrive - НИУ Высшая школа экономики\Документы\matrixlab\matrixlab\matrix.cpp(1): warning C4603: _CRT_SECURE_NO_WARNINGS: макрос не определен или определение изменилось после использования предкомпилированного заголовка
C:\Users\chubb\OneDrive - НИУ Высшая школа экономики\Документы\matrixlab\matrixlab\matrix.cpp(1): message : Добавление макроопределения в предкомпилированный заголовок вместо определения его здесь
C:\Users\chubb\OneDrive - НИУ Высшая школа экономики\Документы\matrixlab\matrixlab\matrix.cpp(2): message : использование предварительно скомпилированного заголовка
C:\Users\chubb\OneDrive - НИУ Высшая школа экономики\Документы\matrixlab\matrixlab\matrix.h(22,20): warning C4251: matrix::vec: class "std::vector<double,std::allocator<double>>" должен иметь dll-интерфейс для использования клиентами class "matrix"
C:\Users\chubb\OneDrive - НИУ Высшая школа экономики\Документы\matrixlab\matrixlab\matrix.h(22): message : см. объявление "std::vector<double,std::allocator<double>>"
C:\Users\chubb\OneDrive - НИУ Высшая школа экономики\Документы\matrixlab\matrixlab\matrix.cpp(17,45): warning C4275: class "std::exception", не являющийся dll-интерфейсом, использован в качестве базового для dll-интерфейса class "FileErr"
C:\Program Files (x86)\Microsoft Visual Studio\2019\Community\VC\Tools\MSVC\14.27.29110\include\vcruntime_exception.h(48): message : см. объявление "std::exception"
C:\Users\chubb\OneDrive - НИУ Высшая школа экономики\Документы\matrixlab\matrixlab\matrix.cpp(17): message : см. объявление "FileErr"
C:\Users\chubb\OneDrive - НИУ Высшая школа экономики\Документы\matrixlab\matrixlab\matrix.cpp(23,45): warning C4275: class "std::exception", не являющийся dll-интерфейсом, использован в качестве базового для dll-интерфейса class "ReadErr"
C:\Program Files (x86)\Microsoft Visual Studio\2019\Community\VC\Tools\MSVC\14.27.29110\include\vcruntime_exception.h(48): message : см. объявление "std::exception"
C:\Users\chubb\OneDrive - НИУ Высшая школа экономики\Документы\matrixlab\matrixlab\matrix.cpp(23): message : см. объявление "ReadErr"
C:\Users\chubb\OneDrive - НИУ Высшая школа экономики\Документы\matrixlab\matrixlab\matrix.cpp(29,48): warning C4275: class "std::exception", не являющийся dll-интерфейсом, использован в качестве базового для dll-интерфейса class "NotASquare"
C:\Program Files (x86)\Microsoft Visual Studio\2019\Community\VC\Tools\MSVC\14.27.29110\include\vcruntime_exception.h(48): message : см. объявление "std::exception"
C:\Users\chubb\OneDrive - НИУ Высшая школа экономики\Документы\matrixlab\matrixlab\matrix.cpp(29): message : см. объявление "NotASquare"
C:\Users\chubb\OneDrive - НИУ Высшая школа экономики\Документы\matrixlab\matrixlab\matrix.cpp(35,46): warning C4275: class "std::exception", не являющийся dll-интерфейсом, использован в качестве базового для dll-интерфейса class "DiffSize"
C:\Program Files (x86)\Microsoft Visual Studio\2019\Community\VC\Tools\MSVC\14.27.29110\include\vcruntime_exception.h(48): message : см. объявление "std::exception"
C:\Users\chubb\OneDrive - НИУ Высшая школа экономики\Документы\matrixlab\matrixlab\matrix.cpp(35): message : см. объявление "DiffSize"
C:\Users\chubb\OneDrive - НИУ Высшая школа экономики\Документы\matrixlab\matrixlab\matrix.cpp(41,45): warning C4275: class "std::exception", не являющийся dll-интерфейсом, использован в качестве базового для dll-интерфейса class "Multipl"
C:\Program Files (x86)\Microsoft Visual Studio\2019\Community\VC\Tools\MSVC\14.27.29110\include\vcruntime_exception.h(48): message : см. объявление "std::exception"
C:\Users\chubb\OneDrive - НИУ Высшая школа экономики\Документы\matrixlab\matrixlab\matrix.cpp(41): message : см. объявление "Multipl"
C:\Users\chubb\OneDrive - НИУ Высшая школа экономики\Документы\matrixlab\matrixlab\matrix.cpp(47,46): warning C4275: class "std::exception", не являющийся dll-интерфейсом, использован в качестве базового для dll-интерфейса class "BuildErr"
C:\Program Files (x86)\Microsoft Visual Studio\2019\Community\VC\Tools\MSVC\14.27.29110\include\vcruntime_exception.h(48): message : см. объявление "std::exception"
C:\Users\chubb\OneDrive - НИУ Высшая школа экономики\Документы\matrixlab\matrixlab\matrix.cpp(47): message : см. объявление "BuildErr"
C:\Users\chubb\OneDrive - НИУ Высшая школа экономики\Документы\matrixlab\matrixlab\matrix.cpp(62,10): warning C4018: >=: несоответствие типов со знаком и без знака
C:\Users\chubb\OneDrive - НИУ Высшая школа экономики\Документы\matrixlab\matrixlab\matrix.cpp(72,20): warning C4018: <: несоответствие типов со знаком и без знака
C:\Users\chubb\OneDrive - НИУ Высшая школа экономики\Документы\matrixlab\matrixlab\matrix.cpp(73,21): warning C4018: <: несоответствие типов со знаком и без знака
C:\Users\chubb\OneDrive - НИУ Высшая школа экономики\Документы\matrixlab\matrixlab\matrix.cpp(88,20): warning C4018: <: несоответствие типов со знаком и без знака
C:\Users\chubb\OneDrive - НИУ Высшая школа экономики\Документы\matrixlab\matrixlab\matrix.cpp(89,21): warning C4018: <: несоответствие типов со знаком и без знака
C:\Users\chubb\OneDrive - НИУ Высшая школа экономики\Документы\matrixlab\matrixlab\matrix.cpp(105,21): warning C4018: <: несоответствие типов со знаком и без знака
C:\Users\chubb\OneDrive - НИУ Высшая школа экономики\Документы\matrixlab\matrixlab\matrix.cpp(106,22): warning C4018: <: несоответствие типов со знаком и без знака
C:\Users\chubb\OneDrive - НИУ Высшая школа экономики\Документы\matrixlab\matrixlab\matrix.cpp(132,21): warning C4018: <: несоответствие типов со знаком и без знака
C:\Users\chubb\OneDrive - НИУ Высшая школа экономики\Документы\matrixlab\matrixlab\matrix.cpp(133,22): warning C4018: <: несоответствие типов со знаком и без знака
C:\Users\chubb\OneDrive - НИУ Высшая школа экономики\Документы\matrixlab\matrixlab\matrix.cpp(160,20): warning C4018: <: несоответствие типов со знаком и без знака
C:\Users\chubb\OneDrive - НИУ Высшая школа экономики\Документы\matrixlab\matrixlab\matrix.cpp(161,21): warning C4018: <: несоответствие типов со знаком и без знака
C:\Users\chubb\OneDrive - НИУ Высшая школа экономики\Документы\matrixlab\matrixlab\matrix.cpp(171,20): warning C4018: <: несоответствие типов со знаком и без знака
C:\Users\chubb\OneDrive - НИУ Высшая школа экономики\Документы\matrixlab\matrixlab\matrix.cpp(172,21): warning C4018: <: несоответствие типов со знаком и без знака
C:\Users\chubb\OneDrive - НИУ Высшая школа экономики\Документы\matrixlab\matrixlab\matrix.cpp(183,20): warning C4018: <: несоответствие типов со знаком и без знака
C:\Users\chubb\OneDrive - НИУ Высшая школа экономики\Документы\matrixlab\matrixlab\matrix.cpp(200,22): warning C4018: <: несоответствие типов со знаком и без знака
C:\Users\chubb\OneDrive - НИУ Высшая школа экономики\Документы\matrixlab\matrixlab\matrix.cpp(194,9): warning C4101: next: неиспользованная локальная переменная
C:\Users\chubb\OneDrive - НИУ Высшая школа экономики\Документы\matrixlab\matrixlab\matrix.cpp(334,16): warning C4018: <: несоответствие типов со знаком и без знака
C:\Users\chubb\OneDrive - НИУ Высшая школа экономики\Документы\matrixlab\matrixlab\matrix.cpp(335,21): warning C4018: <: несоответствие типов со знаком и без знака
C:\Users\chubb\OneDrive - НИУ Высшая школа экономики\Документы\matrixlab\matrixlab\matrix.cpp(337,19): warning C4018: <: несоответствие типов со знаком и без знака
C:\Users\chubb\OneDrive - НИУ Высшая школа экономики\Документы\matrixlab\matrixlab\matrix.cpp(344,16): warning C4018: <: несоответствие типов со знаком и без знака
C:\Users\chubb\OneDrive - НИУ Высшая школа экономики\Документы\matrixlab\matrixlab\matrix.cpp(345,21): warning C4018: <: несоответствие типов со знаком и без знака
C:\Users\chubb\OneDrive - НИУ Высшая школа экономики\Документы\matrixlab\matrixlab\matrix.cpp(348,18): warning C4018: <: несоответствие типов со знаком и без знака
C:\Users\chubb\OneDrive - НИУ Высшая школа экономики\Документы\matrixlab\matrixlab\matrix.cpp(352,16): warning C4018: <: несоответствие типов со знаком и без знака
C:\Users\chubb\OneDrive - НИУ Высшая школа экономики\Документы\matrixlab\matrixlab\matrix.cpp(367,16): warning C4018: <: несоответствие типов со знаком и без знака
C:\Users\chubb\OneDrive - НИУ Высшая школа экономики\Документы\matrixlab\matrixlab\matrix.cpp(368,21): warning C4018: <: несоответствие типов со знаком и без знака
C:\Users\chubb\OneDrive - НИУ Высшая школа экономики\Документы\matrixlab\matrixlab\matrix.cpp(370,19): warning C4018: <: несоответствие типов со знаком и без знака
C:\Users\chubb\OneDrive - НИУ Высшая школа экономики\Документы\matrixlab\matrixlab\matrix.cpp(377,16): warning C4018: <: несоответствие типов со знаком и без знака
C:\Users\chubb\OneDrive - НИУ Высшая школа экономики\Документы\matrixlab\matrixlab\matrix.cpp(378,21): warning C4018: <: несоответствие типов со знаком и без знака
C:\Users\chubb\OneDrive - НИУ Высшая школа экономики\Документы\matrixlab\matrixlab\matrix.cpp(381,18): warning C4018: <: несоответствие типов со знаком и без знака
C:\Users\chubb\OneDrive - НИУ Высшая школа экономики\Документы\matrixlab\matrixlab\matrix.cpp(391,16): warning C4018: <: несоответствие типов со знаком и без знака
C:\Users\chubb\OneDrive - НИУ Высшая школа экономики\Документы\matrixlab\matrixlab\matrix.cpp(392,17): warning C4018: <: несоответствие типов со знаком и без знака
C:\Users\chubb\OneDrive - НИУ Высшая школа экономики\Документы\matrixlab\matrixlab\matrix.cpp(425,20): warning C4018: <: несоответствие типов со знаком и без знака
C:\Users\chubb\OneDrive - НИУ Высшая школа экономики\Документы\matrixlab\matrixlab\matrix.cpp(434,20): warning C4018: <: несоответствие типов со знаком и без знака
C:\Users\chubb\OneDrive - НИУ Высшая школа экономики\Документы\matrixlab\matrixlab\matrix.cpp(435,21): warning C4018: <: несоответствие типов со знаком и без знака
C:\Users\chubb\OneDrive - НИУ Высшая школа экономики\Документы\matrixlab\matrixlab\matrix.cpp(443,20): warning C4018: <: несоответствие типов со знаком и без знака
C:\Users\chubb\OneDrive - НИУ Высшая школа экономики\Документы\matrixlab\matrixlab\matrix.cpp(444,21): warning C4018: <: несоответствие типов со знаком и без знака
C:\Users\chubb\OneDrive - НИУ Высшая школа экономики\Документы\matrixlab\matrixlab\matrix.cpp(455,20): warning C4018: <: несоответствие типов со знаком и без знака
C:\Users\chubb\OneDrive - НИУ Высшая школа экономики\Документы\matrixlab\matrixlab\matrix.cpp(456,28): warning C4018: <: несоответствие типов со знаком и без знака
C:\Users\chubb\OneDrive - НИУ Высшая школа экономики\Документы\matrixlab\matrixlab\matrix.cpp(454,9): warning C4101: temp: неиспользованная локальная переменная
C:\Users\chubb\OneDrive - НИУ Высшая школа экономики\Документы\matrixlab\matrixlab\matrix.cpp(466,9): warning C4101: next: неиспользованная локальная переменная
C:\Users\chubb\OneDrive - НИУ Высшая школа экономики\Документы\matrixlab\matrixlab\matrix.cpp(481,20): warning C4018: <: несоответствие типов со знаком и без знака
C:\Users\chubb\OneDrive - НИУ Высшая школа экономики\Документы\matrixlab\matrixlab\matrix.cpp(488,20): warning C4018: <: несоответствие типов со знаком и без знака
C:\Users\chubb\OneDrive - НИУ Высшая школа экономики\Документы\matrixlab\matrixlab\matrix.cpp(507,20): warning C4018: <: несоответствие типов со знаком и без знака
C:\Users\chubb\OneDrive - НИУ Высшая школа экономики\Документы\matrixlab\matrixlab\matrix.cpp(516,20): warning C4018: <: несоответствие типов со знаком и без знака
C:\Users\chubb\OneDrive - НИУ Высшая школа экономики\Документы\matrixlab\matrixlab\matrix.cpp(525,20): warning C4018: <: несоответствие типов со знаком и без знака
C:\Users\chubb\OneDrive - НИУ Высшая школа экономики\Документы\matrixlab\matrixlab\matrix.cpp(570,26): warning C4244: аргумент: преобразование "std::streamoff" в "const unsigned int", возможна потеря данных
C:\Users\chubb\OneDrive - НИУ Высшая школа экономики\Документы\matrixlab\matrixlab\matrix.cpp(587,20): warning C4018: <: несоответствие типов со знаком и без знака
C:\Users\chubb\OneDrive - НИУ Высшая школа экономики\Документы\matrixlab\matrixlab\matrix.cpp(588,21): warning C4018: <: несоответствие типов со знаком и без знака
C:\Users\chubb\OneDrive - НИУ Высшая школа экономики\Документы\matrixlab\matrixlab\matrix.cpp(591,21): warning C4018: <: несоответствие типов со знаком и без знака
C:\Users\chubb\OneDrive - НИУ Высшая школа экономики\Документы\matrixlab\matrixlab\matrix.cpp(598,20): warning C4018: <: несоответствие типов со знаком и без знака
C:\Users\chubb\OneDrive - НИУ Высшая школа экономики\Документы\matrixlab\matrixlab\matrix.cpp(600,21): warning C4018: <: несоответствие типов со знаком и без знака
C:\Users\chubb\OneDrive - НИУ Высшая школа экономики\Документы\matrixlab\matrixlab\matrix.cpp(605,21): warning C4018: <: несоответствие типов со знаком и без знака
C:\Users\chubb\OneDrive - НИУ Высшая школа экономики\Документы\matrixlab\matrixlab\matrix.cpp(608,21): warning C4018: <: несоответствие типов со знаком и без знака
C:\Users\chubb\OneDrive - НИУ Высшая школа экономики\Документы\matrixlab\matrixlab\matrix.cpp(613,21): warning C4018: <: несоответствие типов со знаком и без знака
  PCA.cpp
C:\Users\chubb\OneDrive - НИУ Высшая школа экономики\Документы\matrixlab\matrixlab\PCA.cpp(1): warning C4603: _CRT_SECURE_NO_WARNINGS: макрос не определен или определение изменилось после использования предкомпилированного заголовка
C:\Users\chubb\OneDrive - НИУ Высшая школа экономики\Документы\matrixlab\matrixlab\PCA.cpp(1): message : Добавление макроопределения в предкомпилированный заголовок вместо определения его здесь
C:\Users\chubb\OneDrive - НИУ Высшая школа экономики\Документы\matrixlab\matrixlab\PCA.cpp(2): message : использование предварительно скомпилированного заголовка
C:\Users\chubb\OneDrive - НИУ Высшая школа экономики\Документы\matrixlab\matrixlab\matrix.h(22,20): warning C4251: matrix::vec: class "std::vector<double,std::allocator<double>>" должен иметь dll-интерфейс для использования клиентами class "matrix"
C:\Users\chubb\OneDrive - НИУ Высшая школа экономики\Документы\matrixlab\matrixlab\matrix.h(22): message : см. объявление "std::vector<double,std::allocator<double>>"
C:\Users\chubb\OneDrive - НИУ Высшая школа экономики\Документы\matrixlab\matrixlab\PCA.cpp(32,20): warning C4018: <: несоответствие типов со знаком и без знака
C:\Users\chubb\OneDrive - НИУ Высшая школа экономики\Документы\matrixlab\matrixlab\PCA.cpp(33,21): warning C4018: <: несоответствие типов со знаком и без знака
C:\Users\chubb\OneDrive - НИУ Высшая школа экономики\Документы\matrixlab\matrixlab\PCA.cpp(38,21): warning C4018: <: несоответствие типов со знаком и без знака
C:\Users\chubb\OneDrive - НИУ Высшая школа экономики\Документы\matrixlab\matrixlab\PCA.cpp(45,21): warning C4018: <: несоответствие типов со знаком и без знака
C:\Users\chubb\OneDrive - НИУ Высшая школа экономики\Документы\matrixlab\matrixlab\PCA.cpp(56,21): warning C4018: <: несоответствие типов со знаком и без знака
C:\Users\chubb\OneDrive - НИУ Высшая школа экономики\Документы\matrixlab\matrixlab\PCA.cpp(59,21): warning C4018: <: несоответствие типов со знаком и без знака
  Создание кода...
C:\Users\chubb\OneDrive - НИУ Высшая школа экономики\Документы\matrixlab\matrixlab\matrix.cpp(583): warning C4715: readbinmatrix: значение возвращается не при всех путях выполнения
     Создается библиотека C:\Users\chubb\OneDrive - НИУ Высшая школа экономики\Документы\matrixlab\Debug\matrixlab.lib и объект C:\Users\chubb\OneDrive - НИУ Высшая школа экономики\Документы\matrixlab\Debug\matrixlab.exp
  matrixlab.vcxproj -> C:\Users\chubb\OneDrive - НИУ Высшая школа экономики\Документы\matrixlab\Debug\matrixlab.dll
